<?xml version="1.0" encoding="utf-8"?><testsuites name="pytest tests"><testsuite name="pytest" errors="0" failures="0" skipped="0" tests="15" time="4.262" timestamp="2026-06-12T17:43:17.309678+00:00" hostname="agent-env-b7f537ca-fb64-4e1a-8b4e-1a3121b07d79"><testcase classname="backend.tests.test_signup_auth.TestSignup" name="test_signup_valid_payload" time="0.529" /><testcase classname="backend.tests.test_signup_auth.TestSignup" name="test_signup_duplicate_email_409" time="0.458" /><testcase classname="backend.tests.test_signup_auth.TestSignup" name="test_signup_duplicate_demo_email_409" time="0.136" /><testcase classname="backend.tests.test_signup_auth.TestSignup" name="test_signup_invalid_email_400" time="0.113" /><testcase classname="backend.tests.test_signup_auth.TestSignup" name="test_signup_short_password_400" time="0.123" /><testcase classname="backend.tests.test_signup_auth.TestSignup" name="test_signup_invalid_role_400" time="0.099" /><testcase classname="backend.tests.test_signup_auth.TestLoginRegression" name="test_demo_driver_login" time="0.148" /><testcase classname="backend.tests.test_signup_auth.TestLoginRegression" name="test_demo_broker_login" time="0.105" /><testcase classname="backend.tests.test_signup_auth.TestLoginRegression" name="test_demo_wrong_password_401" time="0.100" /><testcase classname="backend.tests.test_signup_auth.TestDbBackedLogin" name="test_signup_then_login" time="0.646" /><testcase classname="backend.tests.test_signup_auth.TestDbBackedLogin" name="test_db_user_wrong_password_401" time="0.658" /><testcase classname="backend.tests.test_signup_auth.TestAuthMe" name="test_me_demo_token" time="0.232" /><testcase classname="backend.tests.test_signup_auth.TestAuthMe" name="test_me_db_token" time="0.425" /><testcase classname="backend.tests.test_signup_auth.TestAuthMe" name="test_me_missing_token_401" time="0.153" /><testcase classname="backend.tests.test_signup_auth.TestFaceModels" name="test_tiny_face_detector_manifest" time="0.106" /></testsuite></testsuites>