<?xml version="1.0" encoding="utf-8"?><testsuites name="pytest tests"><testsuite name="pytest" errors="0" failures="0" skipped="0" tests="56" time="23.324" timestamp="2026-06-09T03:58:27.775886+00:00" hostname="agent-env-b7f537ca-fb64-4e1a-8b4e-1a3121b07d79"><testcase classname="tests.test_jadeos_api" name="test_root_status" time="0.165" /><testcase classname="tests.test_jadeos_api" name="test_login_driver" time="0.125" /><testcase classname="tests.test_jadeos_api" name="test_login_broker" time="0.104" /><testcase classname="tests.test_jadeos_api" name="test_login_wrong_password" time="0.122" /><testcase classname="tests.test_jadeos_api" name="test_me_with_token" time="0.210" /><testcase classname="tests.test_jadeos_api" name="test_me_without_token" time="0.099" /><testcase classname="tests.test_jadeos_api" name="test_driver_hos" time="0.145" /><testcase classname="tests.test_jadeos_api" name="test_driver_active_load" time="0.108" /><testcase classname="tests.test_jadeos_api" name="test_loads" time="0.119" /><testcase classname="tests.test_jadeos_api" name="test_detention_flow" time="1.588" /><testcase classname="tests.test_jadeos_api" name="test_weigh_stations" time="0.100" /><testcase classname="tests.test_jadeos_api" name="test_safety_scorecard" time="0.108" /><testcase classname="tests.test_jadeos_api" name="test_fleet_health" time="0.100" /><testcase classname="tests.test_jadeos_api" name="test_messages" time="0.110" /><testcase classname="tests.test_jadeos_api" name="test_broker_dashboard" time="0.214" /><testcase classname="tests.test_jadeos_api" name="test_broker_carriers" time="0.141" /><testcase classname="tests.test_jadeos_api" name="test_broker_exceptions" time="0.135" /><testcase classname="tests.test_jadeos_api" name="test_broker_quote_optimize" time="0.120" /><testcase classname="tests.test_jadeos_api" name="test_broker_shipments" time="0.142" /><testcase classname="tests.test_jadeos_api" name="test_jade_chat" time="4.029" /><testcase classname="tests.test_jadeos_api" name="test_bill_scan" time="2.380" /><testcase classname="tests.test_phase2" name="test_integrations_catalog" time="0.203" /><testcase classname="tests.test_phase2" name="test_integrations_catalog_requires_auth" time="0.105" /><testcase classname="tests.test_phase2" name="test_integrations_list_initially" time="0.212" /><testcase classname="tests.test_phase2" name="test_integrations_connect_invalid_url" time="0.119" /><testcase classname="tests.test_phase2" name="test_integrations_full_lifecycle" time="0.513" /><testcase classname="tests.test_phase2" name="test_public_track_known_load" time="0.102" /><testcase classname="tests.test_phase2" name="test_public_track_no_auth_header_needed" time="0.102" /><testcase classname="tests.test_phase2" name="test_public_track_deterministic" time="0.210" /><testcase classname="tests.test_phase2" name="test_settlements_driver" time="0.112" /><testcase classname="tests.test_phase2" name="test_settlements_broker" time="0.222" /><testcase classname="tests.test_phase2" name="test_ws_dispatch_send_receive" time="0.207" /><testcase classname="tests.test_phase3" name="test_tts_health" time="0.133" /><testcase classname="tests.test_phase3" name="test_tts_speak_returns_mp3" time="0.940" /><testcase classname="tests.test_phase3" name="test_eld_crud" time="0.699" /><testcase classname="tests.test_phase3" name="test_eld_create_invalid_status" time="0.103" /><testcase classname="tests.test_phase3" name="test_trips_crud" time="0.542" /><testcase classname="tests.test_phase3" name="test_maintenance_crud" time="0.437" /><testcase classname="tests.test_phase3" name="test_documents_crud" time="0.454" /><testcase classname="tests.test_phase3" name="test_fuel_scan_and_ifta" time="0.990" /><testcase classname="tests.test_phase3" name="test_fuel_manual" time="0.242" /><testcase classname="tests.test_phase3" name="test_geofence_on_site" time="0.143" /><testcase classname="tests.test_phase3" name="test_geofence_off_site" time="0.131" /><testcase classname="tests.test_phase3" name="test_geofence_list" time="0.117" /><testcase classname="tests.test_phase3" name="test_companion_tip" time="0.112" /><testcase classname="tests.test_phase3" name="test_weigh_stations_us" time="0.109" /><testcase classname="tests.test_phase4_verify" name="test_tts_health" time="0.110" /><testcase classname="tests.test_phase4_verify" name="test_tts_speak_returns_audio" time="1.065" /><testcase classname="tests.test_phase4_verify" name="test_locations_categories" time="0.124" /><testcase classname="tests.test_phase4_verify" name="test_locations_nearby_basic" time="0.104" /><testcase classname="tests.test_phase4_verify" name="test_locations_nearby_with_category" time="0.166" /><testcase classname="tests.test_phase4_verify" name="test_locations_geocode" time="0.098" /><testcase classname="tests.test_phase4_verify" name="test_jade_chat_location_aware" time="3.251" /><testcase classname="tests.test_phase4_verify" name="test_create_trip_voice_wizard" time="0.332" /><testcase classname="tests.test_phase4_verify" name="test_broker_dashboard_smoke" time="0.220" /><testcase classname="tests.test_phase4_verify" name="test_public_track_smoke" time="0.111" /></testsuite></testsuites>