<?xml version="1.0" encoding="utf-8"?><testsuites name="pytest tests"><testsuite name="pytest" errors="0" failures="0" skipped="0" tests="11" time="2.754" timestamp="2026-06-08T23:43:50.437417+00:00" hostname="agent-env-b7f537ca-fb64-4e1a-8b4e-1a3121b07d79"><testcase classname="backend.tests.test_phase2" name="test_integrations_catalog" time="0.341" /><testcase classname="backend.tests.test_phase2" name="test_integrations_catalog_requires_auth" time="0.142" /><testcase classname="backend.tests.test_phase2" name="test_integrations_list_initially" time="0.274" /><testcase classname="backend.tests.test_phase2" name="test_integrations_connect_invalid_url" time="0.123" /><testcase classname="backend.tests.test_phase2" name="test_integrations_full_lifecycle" time="0.590" /><testcase classname="backend.tests.test_phase2" name="test_public_track_known_load" time="0.106" /><testcase classname="backend.tests.test_phase2" name="test_public_track_no_auth_header_needed" time="0.115" /><testcase classname="backend.tests.test_phase2" name="test_public_track_deterministic" time="0.348" /><testcase classname="backend.tests.test_phase2" name="test_settlements_driver" time="0.107" /><testcase classname="backend.tests.test_phase2" name="test_settlements_broker" time="0.211" /><testcase classname="backend.tests.test_phase2" name="test_ws_dispatch_send_receive" time="0.229" /></testsuite></testsuites>