<?xml version="1.0" encoding="utf-8"?><testsuites name="pytest tests"><testsuite name="pytest" errors="0" failures="0" skipped="0" tests="14" time="8.745" timestamp="2026-06-09T01:58:49.851608+00:00" hostname="agent-env-b7f537ca-fb64-4e1a-8b4e-1a3121b07d79"><testcase classname="backend.tests.test_phase3" name="test_tts_health" time="0.346" /><testcase classname="backend.tests.test_phase3" name="test_tts_speak_returns_mp3" time="3.946" /><testcase classname="backend.tests.test_phase3" name="test_eld_crud" time="0.913" /><testcase classname="backend.tests.test_phase3" name="test_eld_create_invalid_status" time="0.177" /><testcase classname="backend.tests.test_phase3" name="test_trips_crud" time="0.628" /><testcase classname="backend.tests.test_phase3" name="test_maintenance_crud" time="0.465" /><testcase classname="backend.tests.test_phase3" name="test_documents_crud" time="0.529" /><testcase classname="backend.tests.test_phase3" name="test_fuel_scan_and_ifta" time="0.827" /><testcase classname="backend.tests.test_phase3" name="test_fuel_manual" time="0.219" /><testcase classname="backend.tests.test_phase3" name="test_geofence_on_site" time="0.125" /><testcase classname="backend.tests.test_phase3" name="test_geofence_off_site" time="0.134" /><testcase classname="backend.tests.test_phase3" name="test_geofence_list" time="0.121" /><testcase classname="backend.tests.test_phase3" name="test_companion_tip" time="0.131" /><testcase classname="backend.tests.test_phase3" name="test_weigh_stations_us" time="0.115" /></testsuite></testsuites>