<?xml version="1.0" encoding="utf-8"?><testsuites name="pytest tests"><testsuite name="pytest" errors="0" failures="0" skipped="0" tests="21" time="13.255" timestamp="2026-06-08T23:18:08.457872+00:00" hostname="agent-env-b7f537ca-fb64-4e1a-8b4e-1a3121b07d79"><testcase classname="backend.tests.test_jadeos_api" name="test_root_status" time="0.150" /><testcase classname="backend.tests.test_jadeos_api" name="test_login_driver" time="0.137" /><testcase classname="backend.tests.test_jadeos_api" name="test_login_broker" time="0.114" /><testcase classname="backend.tests.test_jadeos_api" name="test_login_wrong_password" time="0.116" /><testcase classname="backend.tests.test_jadeos_api" name="test_me_with_token" time="0.243" /><testcase classname="backend.tests.test_jadeos_api" name="test_me_without_token" time="0.112" /><testcase classname="backend.tests.test_jadeos_api" name="test_driver_hos" time="0.161" /><testcase classname="backend.tests.test_jadeos_api" name="test_driver_active_load" time="0.113" /><testcase classname="backend.tests.test_jadeos_api" name="test_loads" time="0.107" /><testcase classname="backend.tests.test_jadeos_api" name="test_detention_flow" time="1.599" /><testcase classname="backend.tests.test_jadeos_api" name="test_weigh_stations" time="0.102" /><testcase classname="backend.tests.test_jadeos_api" name="test_safety_scorecard" time="0.108" /><testcase classname="backend.tests.test_jadeos_api" name="test_fleet_health" time="0.102" /><testcase classname="backend.tests.test_jadeos_api" name="test_messages" time="0.112" /><testcase classname="backend.tests.test_jadeos_api" name="test_broker_dashboard" time="0.237" /><testcase classname="backend.tests.test_jadeos_api" name="test_broker_carriers" time="0.104" /><testcase classname="backend.tests.test_jadeos_api" name="test_broker_exceptions" time="0.140" /><testcase classname="backend.tests.test_jadeos_api" name="test_broker_quote_optimize" time="0.112" /><testcase classname="backend.tests.test_jadeos_api" name="test_broker_shipments" time="0.149" /><testcase classname="backend.tests.test_jadeos_api" name="test_jade_chat" time="6.022" /><testcase classname="backend.tests.test_jadeos_api" name="test_bill_scan" time="2.996" /></testsuite></testsuites>