<?xml version="1.0" encoding="utf-8"?><testsuites name="pytest tests"><testsuite name="pytest" errors="0" failures="0" skipped="0" tests="21" time="12.754" timestamp="2026-06-08T23:43:57.432698+00:00" hostname="agent-env-b7f537ca-fb64-4e1a-8b4e-1a3121b07d79"><testcase classname="backend.tests.test_jadeos_api" name="test_root_status" time="0.153" /><testcase classname="backend.tests.test_jadeos_api" name="test_login_driver" time="0.108" /><testcase classname="backend.tests.test_jadeos_api" name="test_login_broker" time="0.165" /><testcase classname="backend.tests.test_jadeos_api" name="test_login_wrong_password" time="0.105" /><testcase classname="backend.tests.test_jadeos_api" name="test_me_with_token" time="0.238" /><testcase classname="backend.tests.test_jadeos_api" name="test_me_without_token" time="0.093" /><testcase classname="backend.tests.test_jadeos_api" name="test_driver_hos" time="0.113" /><testcase classname="backend.tests.test_jadeos_api" name="test_driver_active_load" time="0.096" /><testcase classname="backend.tests.test_jadeos_api" name="test_loads" time="0.108" /><testcase classname="backend.tests.test_jadeos_api" name="test_detention_flow" time="1.556" /><testcase classname="backend.tests.test_jadeos_api" name="test_weigh_stations" time="0.111" /><testcase classname="backend.tests.test_jadeos_api" name="test_safety_scorecard" time="0.106" /><testcase classname="backend.tests.test_jadeos_api" name="test_fleet_health" time="0.108" /><testcase classname="backend.tests.test_jadeos_api" name="test_messages" time="0.123" /><testcase classname="backend.tests.test_jadeos_api" name="test_broker_dashboard" time="0.237" /><testcase classname="backend.tests.test_jadeos_api" name="test_broker_carriers" time="0.107" /><testcase classname="backend.tests.test_jadeos_api" name="test_broker_exceptions" time="0.111" /><testcase classname="backend.tests.test_jadeos_api" name="test_broker_quote_optimize" time="0.135" /><testcase classname="backend.tests.test_jadeos_api" name="test_broker_shipments" time="0.109" /><testcase classname="backend.tests.test_jadeos_api" name="test_jade_chat" time="6.587" /><testcase classname="backend.tests.test_jadeos_api" name="test_bill_scan" time="2.143" /></testsuite></testsuites>