<?xml version="1.0" encoding="utf-8"?><testsuites name="pytest tests"><testsuite name="pytest" errors="0" failures="0" skipped="0" tests="32" time="13.945" timestamp="2026-06-09T01:59:03.615973+00:00" hostname="agent-env-b7f537ca-fb64-4e1a-8b4e-1a3121b07d79"><testcase classname="backend.tests.test_jadeos_api" name="test_root_status" time="0.151" /><testcase classname="backend.tests.test_jadeos_api" name="test_login_driver" time="0.118" /><testcase classname="backend.tests.test_jadeos_api" name="test_login_broker" time="0.116" /><testcase classname="backend.tests.test_jadeos_api" name="test_login_wrong_password" time="0.108" /><testcase classname="backend.tests.test_jadeos_api" name="test_me_with_token" time="0.244" /><testcase classname="backend.tests.test_jadeos_api" name="test_me_without_token" time="0.106" /><testcase classname="backend.tests.test_jadeos_api" name="test_driver_hos" time="0.124" /><testcase classname="backend.tests.test_jadeos_api" name="test_driver_active_load" time="0.121" /><testcase classname="backend.tests.test_jadeos_api" name="test_loads" time="0.124" /><testcase classname="backend.tests.test_jadeos_api" name="test_detention_flow" time="1.641" /><testcase classname="backend.tests.test_jadeos_api" name="test_weigh_stations" time="0.116" /><testcase classname="backend.tests.test_jadeos_api" name="test_safety_scorecard" time="0.132" /><testcase classname="backend.tests.test_jadeos_api" name="test_fleet_health" time="0.102" /><testcase classname="backend.tests.test_jadeos_api" name="test_messages" time="0.109" /><testcase classname="backend.tests.test_jadeos_api" name="test_broker_dashboard" time="0.268" /><testcase classname="backend.tests.test_jadeos_api" name="test_broker_carriers" time="0.100" /><testcase classname="backend.tests.test_jadeos_api" name="test_broker_exceptions" time="0.130" /><testcase classname="backend.tests.test_jadeos_api" name="test_broker_quote_optimize" time="0.101" /><testcase classname="backend.tests.test_jadeos_api" name="test_broker_shipments" time="0.117" /><testcase classname="backend.tests.test_jadeos_api" name="test_jade_chat" time="3.495" /><testcase classname="backend.tests.test_jadeos_api" name="test_bill_scan" time="3.602" /><testcase classname="backend.tests.test_phase2" name="test_integrations_catalog" time="0.265" /><testcase classname="backend.tests.test_phase2" name="test_integrations_catalog_requires_auth" time="0.142" /><testcase classname="backend.tests.test_phase2" name="test_integrations_list_initially" time="0.234" /><testcase classname="backend.tests.test_phase2" name="test_integrations_connect_invalid_url" time="0.114" /><testcase classname="backend.tests.test_phase2" name="test_integrations_full_lifecycle" time="0.552" /><testcase classname="backend.tests.test_phase2" name="test_public_track_known_load" time="0.113" /><testcase classname="backend.tests.test_phase2" name="test_public_track_no_auth_header_needed" time="0.123" /><testcase classname="backend.tests.test_phase2" name="test_public_track_deterministic" time="0.260" /><testcase classname="backend.tests.test_phase2" name="test_settlements_driver" time="0.112" /><testcase classname="backend.tests.test_phase2" name="test_settlements_broker" time="0.227" /><testcase classname="backend.tests.test_phase2" name="test_ws_dispatch_send_receive" time="0.261" /></testsuite></testsuites>